This is pdfTeX, Version 3.1415926-2.3-1.40.12 (TeX Live 2011) (format=latex 2012.4.23)  15 AUG 2012 22:51
entering extended mode
 restricted \write18 enabled.
 %&-line parsing enabled.
**\nonstopmode\nofiles\PassOptionsToPackage{active,tightpage,auctex}{preview}\A
tBeginDocument{\ifx\ifPreview\undefined\RequirePackage[displaymath,floats,graph
ics,textmath,sections,footnotes]{preview}[2004/11/05]\fi} \input chapter2.3_exe
rcises.tex
(./chapter2.3_exercises.tex
(/usr/local/texlive/2011/texmf-dist/tex/latex/base/article.cls
Document Class: article 2007/10/19 v1.4h Standard LaTeX document class
(/usr/local/texlive/2011/texmf-dist/tex/latex/base/size10.clo
File: size10.clo 2007/10/19 v1.4h Standard LaTeX file (size option)
)
\c@part=\count79
\c@section=\count80
\c@subsection=\count81
\c@subsubsection=\count82
\c@paragraph=\count83
\c@subparagraph=\count84
\c@figure=\count85
\c@table=\count86
\abovecaptionskip=\skip41
\belowcaptionskip=\skip42
\bibindent=\dimen102
)
(/usr/local/texlive/2011/texmf-dist/tex/latex/amsfonts/amssymb.sty
Package: amssymb 2009/06/22 v3.00

(/usr/local/texlive/2011/texmf-dist/tex/latex/amsfonts/amsfonts.sty
Package: amsfonts 2009/06/22 v3.00 Basic AMSFonts support
\@emptytoks=\toks14
\symAMSa=\mathgroup4
\symAMSb=\mathgroup5
LaTeX Font Info:    Overwriting math alphabet `\mathfrak' in version `bold'
(Font)                  U/euf/m/n --> U/euf/b/n on input line 96.
))
(/usr/local/texlive/2011/texmf-dist/tex/latex/amsmath/amsmath.sty
Package: amsmath 2000/07/18 v2.13 AMS math features
\@mathmargin=\skip43

For additional information on amsmath, use the `?' option.
(/usr/local/texlive/2011/texmf-dist/tex/latex/amsmath/amstext.sty
Package: amstext 2000/06/29 v2.01

(/usr/local/texlive/2011/texmf-dist/tex/latex/amsmath/amsgen.sty
File: amsgen.sty 1999/11/30 v2.0
\@emptytoks=\toks15
\ex@=\dimen103
))
(/usr/local/texlive/2011/texmf-dist/tex/latex/amsmath/amsbsy.sty
Package: amsbsy 1999/11/29 v1.2d
\pmbraise@=\dimen104
)
(/usr/local/texlive/2011/texmf-dist/tex/latex/amsmath/amsopn.sty
Package: amsopn 1999/12/14 v2.01 operator names
)
\inf@bad=\count87
LaTeX Info: Redefining \frac on input line 211.
\uproot@=\count88
\leftroot@=\count89
LaTeX Info: Redefining \overline on input line 307.
\classnum@=\count90
\DOTSCASE@=\count91
LaTeX Info: Redefining \ldots on input line 379.
LaTeX Info: Redefining \dots on input line 382.
LaTeX Info: Redefining \cdots on input line 467.
\Mathstrutbox@=\box26
\strutbox@=\box27
\big@size=\dimen105
LaTeX Font Info:    Redeclaring font encoding OML on input line 567.
LaTeX Font Info:    Redeclaring font encoding OMS on input line 568.
\macc@depth=\count92
\c@MaxMatrixCols=\count93
\dotsspace@=\muskip10
\c@parentequation=\count94
\dspbrk@lvl=\count95
\tag@help=\toks16
\row@=\count96
\column@=\count97
\maxfields@=\count98
\andhelp@=\toks17
\eqnshift@=\dimen106
\alignsep@=\dimen107
\tagshift@=\dimen108
\tagwidth@=\dimen109
\totwidth@=\dimen110
\lineht@=\dimen111
\@envbody=\toks18
\multlinegap=\skip44
\multlinetaggap=\skip45
\mathdisplay@stack=\toks19
LaTeX Info: Redefining \[ on input line 2666.
LaTeX Info: Redefining \] on input line 2667.
)
(/usr/local/texlive/2011/texmf-dist/tex/latex/amscls/amsthm.sty
Package: amsthm 2009/07/02 v2.20.1
\thm@style=\toks20
\thm@bodyfont=\toks21
\thm@headfont=\toks22
\thm@notefont=\toks23
\thm@headpunct=\toks24
\thm@preskip=\skip46
\thm@postskip=\skip47
\thm@headsep=\skip48
\dth@everypar=\toks25
)
(./chapter2.3_exercises.aux)
LaTeX Font Info:    Checking defaults for OML/cmm/m/it on input line 6.
LaTeX Font Info:    ... okay on input line 6.
LaTeX Font Info:    Checking defaults for T1/cmr/m/n on input line 6.
LaTeX Font Info:    ... okay on input line 6.
LaTeX Font Info:    Checking defaults for OT1/cmr/m/n on input line 6.
LaTeX Font Info:    ... okay on input line 6.
LaTeX Font Info:    Checking defaults for OMS/cmsy/m/n on input line 6.
LaTeX Font Info:    ... okay on input line 6.
LaTeX Font Info:    Checking defaults for OMX/cmex/m/n on input line 6.
LaTeX Font Info:    ... okay on input line 6.
LaTeX Font Info:    Checking defaults for U/cmr/m/n on input line 6.
LaTeX Font Info:    ... okay on input line 6.

(/Users/jtilles/.emacs.d/elpa/auctex-11.86/latex/preview.sty
Package: preview 2010/02/14 11.86 (AUCTeX/preview-latex)

(/Users/jtilles/.emacs.d/elpa/auctex-11.86/latex/prtightpage.def
\PreviewBorder=\dimen112
)
(/Users/jtilles/.emacs.d/elpa/auctex-11.86/latex/prauctex.def
No auxiliary output files.


\hbadness=\count99
\hfuzz=\dimen113
(/Users/jtilles/.emacs.d/elpa/auctex-11.86/latex/prauctex.cfg))
(/Users/jtilles/.emacs.d/elpa/auctex-11.86/latex/prfootnotes.def)
\pr@snippet=\count100
\pr@box=\box28
\pr@output=\toks26

Preview: Fontsize 10pt
)
LaTeX Font Info:    Try loading font information for OMS+cmr on input line 12.
 (/usr/local/texlive/2011/texmf-dist/tex/latex/base/omscmr.fd
File: omscmr.fd 1999/05/25 v2.5h Standard LaTeX font definitions
)
LaTeX Font Info:    Font shape `OMS/cmr/m/it' in size <10> not available
(Font)              Font shape `OMS/cmsy/m/n' tried instead on input line 12.

! Preview: Snippet 1 started.
<-><->
      
l.13 	\item[$
             -$] \emph{OCCIDERE}
Not a real error.

LaTeX Font Info:    Try loading font information for U+msa on input line 13.
(/usr/local/texlive/2011/texmf-dist/tex/latex/amsfonts/umsa.fd
File: umsa.fd 2009/06/22 v3.00 AMS symbols A
)
LaTeX Font Info:    Try loading font information for U+msb on input line 13.

(/usr/local/texlive/2011/texmf-dist/tex/latex/amsfonts/umsb.fd
File: umsb.fd 2009/06/22 v3.00 AMS symbols B
)
Preview: Tightpage -32891 -32891 32891 32891
! Preview: Snippet 1 ended.(382293+54613x509726).
<-><->
      
l.13 	\item[$-$
               ] \emph{OCCIDERE}
Not a real error.

[1]
! Preview: Snippet 2 started.
<-><->
      
l.14 	\item[$
             -$] \emph{POSSUNT}
Not a real error.

! Preview: Snippet 2 ended.(382293+54613x509726).
<-><->
      
l.14 	\item[$-$
               ] \emph{POSSUNT}
Not a real error.

[2]
! Preview: Snippet 3 started.
<-><->
      
l.17 	\item[$
             -$] \emph{EDERE}
Not a real error.

! Preview: Snippet 3 ended.(382293+54613x509726).
<-><->
      
l.17 	\item[$-$
               ] \emph{EDERE}
Not a real error.

[3]
! Preview: Snippet 4 started.
<-><->
      
l.18 	\item[$
             \Vdash$] \emph{NON}
Not a real error.

! Preview: Snippet 4 ended.(453666+0x473316).
<-><->
      
l.18 	\item[$\Vdash$
                    ] \emph{NON}
Not a real error.

[4]
! Preview: Snippet 5 started.
<-><->
      
l.20 	\item[$
             +$] \emph{NEFAS}
Not a real error.

! Preview: Snippet 5 ended.(382293+54613x509726).
<-><->
      
l.20 	\item[$+$
               ] \emph{NEFAS}
Not a real error.

[5]
! Preview: Snippet 6 started.
<-><->
      
l.25 \begin{displaymath}
                        
Not a real error.

! Preview: Snippet 6 ended.(841045+0x22609920).
<-><->
      
l.27 \end{displaymath}
                      
Not a real error.

[6] ) 
Here is how much of TeX's memory you used:
 1342 strings out of 493611
 15666 string characters out of 3142427
 65802 words of memory out of 3000000
 4679 multiletter control sequences out of 15000+200000
 5685 words of font info for 23 fonts, out of 3000000 for 9000
 831 hyphenation exceptions out of 8191
 27i,5n,24p,437b,239s stack positions out of 5000i,500n,10000p,200000b,50000s

Output written on chapter2.3_exercises.dvi (6 pages, 2336 bytes).
