This is pdfTeX, Version 3.1415926-2.4-1.40.13 (TeX Live 2012) (format=latex 2012.6.30)  22 SEP 2012 23:02
entering extended mode
 restricted \write18 enabled.
 %&-line parsing enabled.
**exercises_base.tex
(./exercises_base.tex
LaTeX2e <2011/06/27>
Babel <v3.8m> and hyphenation patterns for english, dumylang, nohyphenation, ge
rman-x-2012-05-30, ngerman-x-2012-05-30, afrikaans, ancientgreek, ibycus, arabi
c, armenian, basque, bulgarian, catalan, pinyin, coptic, croatian, czech, danis
h, dutch, ukenglish, usenglishmax, esperanto, estonian, ethiopic, farsi, finnis
h, french, friulan, galician, german, ngerman, swissgerman, monogreek, greek, h
ungarian, icelandic, assamese, bengali, gujarati, hindi, kannada, malayalam, ma
rathi, oriya, panjabi, tamil, telugu, indonesian, interlingua, irish, italian, 
kurmanji, latin, latvian, lithuanian, mongolian, mongolianlmc, bokmal, nynorsk,
 polish, portuguese, romanian, romansh, russian, sanskrit, serbian, serbianc, s
lovak, slovenian, spanish, swedish, turkish, turkmen, ukrainian, uppersorbian, 
welsh, loaded.
(/usr/local/texlive/2012/texmf-dist/tex/latex/base/report.cls
Document Class: report 2007/10/19 v1.4h Standard LaTeX document class
(/usr/local/texlive/2012/texmf-dist/tex/latex/base/size10.clo
File: size10.clo 2007/10/19 v1.4h Standard LaTeX file (size option)
)
\c@part=\count79
\c@chapter=\count80
\c@section=\count81
\c@subsection=\count82
\c@subsubsection=\count83
\c@paragraph=\count84
\c@subparagraph=\count85
\c@figure=\count86
\c@table=\count87
\abovecaptionskip=\skip41
\belowcaptionskip=\skip42
\bibindent=\dimen102
)
(/Users/jtilles/Library/texmf/tex/latex/haskell_exercises/haskell_exercises.sty
Package: haskell_exercises 
(/usr/local/texlive/2012/texmf-dist/tex/latex/base/fixltx2e.sty
Package: fixltx2e 2006/09/13 v1.1m fixes to LaTeX
LaTeX Info: Redefining \em on input line 420.
)
(/usr/local/texlive/2012/texmf-dist/tex/latex/mh/mathtools.sty
Package: mathtools 2012/04/24 v1.12 mathematical typesetting tools

(/usr/local/texlive/2012/texmf-dist/tex/latex/graphics/keyval.sty
Package: keyval 1999/03/16 v1.13 key=value parser (DPC)
\KV@toks@=\toks14
)
(/usr/local/texlive/2012/texmf-dist/tex/latex/tools/calc.sty
Package: calc 2007/08/22 v4.3 Infix arithmetic (KKT,FJ)
\calc@Acount=\count88
\calc@Bcount=\count89
\calc@Adimen=\dimen103
\calc@Bdimen=\dimen104
\calc@Askip=\skip43
\calc@Bskip=\skip44
LaTeX Info: Redefining \setlength on input line 76.
LaTeX Info: Redefining \addtolength on input line 77.
\calc@Ccount=\count90
\calc@Cskip=\skip45
)
(/usr/local/texlive/2012/texmf-dist/tex/latex/mh/mhsetup.sty
Package: mhsetup 2010/01/21 v1.2a programming setup (MH)
)
(/usr/local/texlive/2012/texmf-dist/tex/latex/amsmath/amsmath.sty
Package: amsmath 2000/07/18 v2.13 AMS math features
\@mathmargin=\skip46

For additional information on amsmath, use the `?' option.
(/usr/local/texlive/2012/texmf-dist/tex/latex/amsmath/amstext.sty
Package: amstext 2000/06/29 v2.01

(/usr/local/texlive/2012/texmf-dist/tex/latex/amsmath/amsgen.sty
File: amsgen.sty 1999/11/30 v2.0
\@emptytoks=\toks15
\ex@=\dimen105
))
(/usr/local/texlive/2012/texmf-dist/tex/latex/amsmath/amsbsy.sty
Package: amsbsy 1999/11/29 v1.2d
\pmbraise@=\dimen106
)
(/usr/local/texlive/2012/texmf-dist/tex/latex/amsmath/amsopn.sty
Package: amsopn 1999/12/14 v2.01 operator names
)
\inf@bad=\count91
LaTeX Info: Redefining \frac on input line 211.
\uproot@=\count92
\leftroot@=\count93
LaTeX Info: Redefining \overline on input line 307.
\classnum@=\count94
\DOTSCASE@=\count95
LaTeX Info: Redefining \ldots on input line 379.
LaTeX Info: Redefining \dots on input line 382.
LaTeX Info: Redefining \cdots on input line 467.
\Mathstrutbox@=\box26
\strutbox@=\box27
\big@size=\dimen107
LaTeX Font Info:    Redeclaring font encoding OML on input line 567.
LaTeX Font Info:    Redeclaring font encoding OMS on input line 568.
\macc@depth=\count96
\c@MaxMatrixCols=\count97
\dotsspace@=\muskip10
\c@parentequation=\count98
\dspbrk@lvl=\count99
\tag@help=\toks16
\row@=\count100
\column@=\count101
\maxfields@=\count102
\andhelp@=\toks17
\eqnshift@=\dimen108
\alignsep@=\dimen109
\tagshift@=\dimen110
\tagwidth@=\dimen111
\totwidth@=\dimen112
\lineht@=\dimen113
\@envbody=\toks18
\multlinegap=\skip47
\multlinetaggap=\skip48
\mathdisplay@stack=\toks19
LaTeX Info: Redefining \[ on input line 2666.
LaTeX Info: Redefining \] on input line 2667.
)
\g_MT_multlinerow_int=\count103
\l_MT_multwidth_dim=\dimen114
\origjot=\skip49
\l_MT_shortvdotswithinadjustabove_dim=\dimen115
\l_MT_shortvdotswithinadjustbelow_dim=\dimen116
\l_MT_above_intertext_dim=\dimen117
\l_MT_below_intertext_dim=\dimen118
\l_MT_above_shortintertext_dim=\dimen119
\l_MT_below_shortintertext_dim=\dimen120
)
(/usr/local/texlive/2012/texmf-dist/tex/latex/amscls/amsthm.sty
Package: amsthm 2009/07/02 v2.20.1
\thm@style=\toks20
\thm@bodyfont=\toks21
\thm@headfont=\toks22
\thm@notefont=\toks23
\thm@headpunct=\toks24
\thm@preskip=\skip50
\thm@postskip=\skip51
\thm@headsep=\skip52
\dth@everypar=\toks25
)
\c@stmt=\count104
\c@theorem=\count105

(/usr/local/texlive/2012/texmf-dist/tex/latex/exercise/exercise.sty
Package: exercise 2012/05/08 v1.58 Exercise package (P.Pichaureau)

(/usr/local/texlive/2012/texmf-dist/tex/latex/base/ifthen.sty
Package: ifthen 2001/05/26 v1.1c Standard LaTeX ifthen package (DPC)
)
\ExerciseSkipBefore=\skip53
\ExerciseSkipAfter=\skip54
\Exesep=\skip55
\Exetopsep=\skip56
\Exeparsep=\skip57
\Exepartopsep=\skip58
\Exeleftmargin=\skip59
\Exerightmargin=\skip60
\Exelabelwidth=\skip61
\Exelabelsep=\skip62
\ExerciseBefore=\skip63
\QuestionBefore=\skip64
\subQuestionBefore=\skip65
\subsubQuestionBefore=\skip66
\QuestionIndent=\skip67
\subQuestionIndent=\skip68
\subsubQuestionIndent=\skip69
\c@Exercise=\count106
\c@Answer=\count107
\c@ExePart=\count108
\c@Question=\count109
\c@subQuestion=\count110
\c@subsubQuestion=\count111
\c@savedQuestion=\count112
\c@savedsubQuestion=\count113
\c@savedsubsubQuestion=\count114
\@QuestionLevel=\count115
\@Exercisebox=\box28
\all@Exercisebox=\box29
\temp@Exercisebox=\box30
\all@Answerbox=\box31
\temp@Answerbox=\box32
\ExerciseDifficulty=\count116
\QuestionDifficulty=\count117
\subQuestionDifficulty=\count118
\subsubQuestionDifficulty=\count119
\ExePartDifficulty=\count120
\@Answerbox=\box33
\colonnesLevel=\count121
\tempskipa=\skip70
\tempskipb=\skip71
\@savedmathindent=\skip72
)
(/Users/jtilles/Library/texmf/tex/latex/structured_derivations/structured_deriv
ations.sty
Package: structured_derivations 

(/usr/local/texlive/2012/texmf-dist/tex/latex/changepage/changepage.sty
Package: changepage 2009/10/20 v1.0c check page and change page layout
\c@cp@cntr=\count122
\cp@tempcnt=\count123
)
(/usr/local/texlive/2012/texmf-dist/tex/latex/l3packages/xparse/xparse.sty
(/usr/local/texlive/2012/texmf-dist/tex/latex/l3kernel/expl3.sty
(/usr/local/texlive/2012/texmf-dist/tex/latex/l3kernel/l3names.sty
(/usr/local/texlive/2012/texmf-dist/tex/latex/l3kernel/l3bootstrap.sty
Package: l3bootstrap 2011/12/29 v3110 L3 Experimental bootstrap code
)
Package: l3names 2012/03/04 v3494 L3 Experimental namespace for primitives
)
(/usr/local/texlive/2012/texmf-dist/tex/latex/etex-pkg/etex.sty
Package: etex 1998/03/26 v2.0 eTeX basic definition package (PEB)
\et@xins=\count124
)
Package: expl3 2012/04/23 v3570 L3 Experimental code bundle wrapper

(/usr/local/texlive/2012/texmf-dist/tex/latex/graphics/color.sty
Package: color 2005/11/14 v1.0j Standard LaTeX Color (DPC)

(/usr/local/texlive/2012/texmf-dist/tex/latex/latexconfig/color.cfg
File: color.cfg 2007/01/18 v1.5 color configuration of teTeX/TeXLive
)
Package color Info: Driver file: dvips.def on input line 130.

(/usr/local/texlive/2012/texmf-dist/tex/latex/graphics/dvips.def
File: dvips.def 1999/02/16 v3.0i Driver-dependant file (DPC,SPQR)
)
(/usr/local/texlive/2012/texmf-dist/tex/latex/graphics/dvipsnam.def
File: dvipsnam.def 1999/02/16 v3.0i Driver-dependant file (DPC,SPQR)
))
(/usr/local/texlive/2012/texmf-dist/tex/latex/graphics/graphics.sty
Package: graphics 2009/02/05 v1.0o Standard LaTeX Graphics (DPC,SPQR)

(/usr/local/texlive/2012/texmf-dist/tex/latex/graphics/trig.sty
Package: trig 1999/03/16 v1.09 sin cos tan (DPC)
)
(/usr/local/texlive/2012/texmf-dist/tex/latex/latexconfig/graphics.cfg
File: graphics.cfg 2010/04/23 v1.9 graphics configuration of TeX Live
)
Package graphics Info: Driver file: dvips.def on input line 91.
)
(/usr/local/texlive/2012/texmf-dist/tex/latex/l3kernel/l3basics.sty
Package: l3basics 2012/03/04 v3491 L3 Experimental basic definitions
)
(/usr/local/texlive/2012/texmf-dist/tex/latex/l3kernel/l3expan.sty
Package: l3expan 2012/02/26 v3460 L3 Experimental argument expansion
)
(/usr/local/texlive/2012/texmf-dist/tex/latex/l3kernel/l3tl.sty
Package: l3tl 2012/03/04 v3490 L3 Experimental token lists
)
(/usr/local/texlive/2012/texmf-dist/tex/latex/l3kernel/l3seq.sty
Package: l3seq 2012/03/04 v3490 L3 Experimental sequences and stacks
)
(/usr/local/texlive/2012/texmf-dist/tex/latex/l3kernel/l3int.sty
Package: l3int 2012/03/04 v3490 L3 Experimental integers
\c_max_int=\count125
\l_tmpa_int=\count126
\l_tmpb_int=\count127
\l_tmpc_int=\count128
\g_tmpa_int=\count129
\g_tmpb_int=\count130
)
(/usr/local/texlive/2012/texmf-dist/tex/latex/l3kernel/l3quark.sty
Package: l3quark 2012/02/12 v3384 L3 Experimental quarks
)
(/usr/local/texlive/2012/texmf-dist/tex/latex/l3kernel/l3prg.sty
Package: l3prg 2012/03/04 v3490 L3 Experimental control structures
\g_prg_map_int=\count131
)
(/usr/local/texlive/2012/texmf-dist/tex/latex/l3kernel/l3clist.sty
Package: l3clist 2012/03/04 v3490 L3 Experimental comma separated lists
)
(/usr/local/texlive/2012/texmf-dist/tex/latex/l3kernel/l3token.sty
Package: l3token 2012/03/04 v3491 L3 Experimental token manipulation
)
(/usr/local/texlive/2012/texmf-dist/tex/latex/l3kernel/l3prop.sty
Package: l3prop 2012/03/04 v3490 L3 Experimental property lists
)
(/usr/local/texlive/2012/texmf-dist/tex/latex/l3kernel/l3msg.sty
Package: l3msg 2012/04/23 v3568 L3 Experimental messages
)
(/usr/local/texlive/2012/texmf-dist/tex/latex/l3kernel/l3file.sty
Package: l3file 2012/03/09 v3520 L3 Experimental file and I/O operations
\l_iow_stream_int=\count132
\l_iow_line_length_int=\count133
\l_iow_target_length_int=\count134
\l_iow_current_line_int=\count135
\l_iow_current_word_int=\count136
\l_iow_current_indentation_int=\count137
)
(/usr/local/texlive/2012/texmf-dist/tex/latex/l3kernel/l3skip.sty
Package: l3skip 2012/03/05 v3499 L3 Experimental dimensions and skips
\l_tmpa_dim=\dimen121
\l_tmpb_dim=\dimen122
\l_tmpc_dim=\dimen123
\g_tmpa_dim=\dimen124
\g_tmpb_dim=\dimen125
\l_tmpa_skip=\skip73
\l_tmpb_skip=\skip74
\l_tmpc_skip=\skip75
\g_tmpa_skip=\skip76
\g_tmpb_skip=\skip77
)
(/usr/local/texlive/2012/texmf-dist/tex/latex/l3kernel/l3keys.sty
Package: l3keys 2012/03/03 v3487 L3 Experimental key-value interfaces
\g_keyval_level_int=\count138
\l_keys_choice_int=\count139
)
(/usr/local/texlive/2012/texmf-dist/tex/latex/l3kernel/l3fp.sty
Package: l3fp 2012/03/04 v3490 L3 Experimental floating-point operations
\c_one_million=\count140
\c_one_hundred_million=\count141
\c_five_hundred_million=\count142
\c_one_thousand_million=\count143
\c_fp_pi_by_four_decimal_int=\count144
\c_fp_pi_by_four_extended_int=\count145
\c_fp_pi_decimal_int=\count146
\c_fp_pi_extended_int=\count147
\c_fp_two_pi_decimal_int=\count148
\c_fp_two_pi_extended_int=\count149
\l_fp_count_int=\count150
\l_fp_div_offset_int=\count151
\l_fp_exp_integer_int=\count152
\l_fp_exp_decimal_int=\count153
\l_fp_exp_extended_int=\count154
\l_fp_exp_exponent_int=\count155
\l_fp_input_a_sign_int=\count156
\l_fp_input_a_integer_int=\count157
\l_fp_input_a_decimal_int=\count158
\l_fp_input_a_exponent_int=\count159
\l_fp_input_b_sign_int=\count160
\l_fp_input_b_integer_int=\count161
\l_fp_input_b_decimal_int=\count162
\l_fp_input_b_exponent_int=\count163
\l_fp_input_a_extended_int=\count164
\l_fp_input_b_extended_int=\count165
\l_fp_mul_a_i_int=\count166
\l_fp_mul_a_ii_int=\count167
\l_fp_mul_a_iii_int=\count168
\l_fp_mul_a_iv_int=\count169
\l_fp_mul_a_v_int=\count170
\l_fp_mul_a_vi_int=\count171
\l_fp_mul_b_i_int=\count172
\l_fp_mul_b_ii_int=\count173
\l_fp_mul_b_iii_int=\count174
\l_fp_mul_b_iv_int=\count175
\l_fp_mul_b_v_int=\count176
\l_fp_mul_b_vi_int=\count177
\l_fp_mul_output_int=\count178
\l_fp_output_sign_int=\count179
\l_fp_output_integer_int=\count180
\l_fp_output_decimal_int=\count181
\l_fp_output_exponent_int=\count182
\l_fp_output_extended_int=\count183
\l_fp_round_position_int=\count184
\l_fp_round_target_int=\count185
\l_fp_split_sign_int=\count186
\l_fp_internal_int=\count187
\l_fp_trig_octant_int=\count188
\l_fp_trig_sign_int=\count189
\l_fp_trig_decimal_int=\count190
\l_fp_trig_extended_int=\count191
\l_fp_internal_dim=\dimen126
\l_fp_internal_skip=\skip78
)
(/usr/local/texlive/2012/texmf-dist/tex/latex/l3kernel/l3box.sty
Package: l3box 2012/03/04 v3490 L3 Experimental boxes
\l_tmpb_box=\box34
\l_box_top_dim=\dimen127
\l_box_bottom_dim=\dimen128
\l_box_left_dim=\dimen129
\l_box_right_dim=\dimen130
\l_box_top_new_dim=\dimen131
\l_box_bottom_new_dim=\dimen132
\l_box_left_new_dim=\dimen133
\l_box_right_new_dim=\dimen134
\l_box_internal_box=\box35
)
(/usr/local/texlive/2012/texmf-dist/tex/latex/l3kernel/l3coffins.sty
Package: l3coffins 2012/03/03 v3482 L3 Experimental coffin code layer
\l_coffin_internal_box=\box36
\l_coffin_internal_dim=\dimen135
\l_coffin_offset_x_dim=\dimen136
\l_coffin_offset_y_dim=\dimen137
\l_coffin_x_dim=\dimen138
\l_coffin_y_dim=\dimen139
\l_coffin_x_prime_dim=\dimen140
\l_coffin_y_prime_dim=\dimen141
\l_coffin_Depth_dim=\dimen142
\l_coffin_Height_dim=\dimen143
\l_coffin_TotalHeight_dim=\dimen144
\l_coffin_Width_dim=\dimen145
\c_empty_coffin=\box37
\l_coffin_aligned_coffin=\box38
\l_coffin_aligned_internal_coffin=\box39
\l_coffin_bounding_shift_dim=\dimen146
\l_coffin_left_corner_dim=\dimen147
\l_coffin_right_corner_dim=\dimen148
\l_coffin_bottom_corner_dim=\dimen149
\l_coffin_top_corner_dim=\dimen150
\l_coffin_scaled_total_height_dim=\dimen151
\l_coffin_scaled_width_dim=\dimen152
\l_coffin_display_coffin=\box40
\l_coffin_display_coord_coffin=\box41
\l_coffin_display_pole_coffin=\box42
\l_coffin_display_offset_dim=\dimen153
\l_coffin_display_x_dim=\dimen154
\l_coffin_display_y_dim=\dimen155
)
(/usr/local/texlive/2012/texmf-dist/tex/latex/l3kernel/l3color.sty
Package: l3color 2011/09/07 v2776 L3 Experimental colour support
)
(/usr/local/texlive/2012/texmf-dist/tex/latex/l3kernel/l3luatex.sty
Package: l3luatex 2012/02/09 v3355 L3 Experimental LuaTeX-specific functions
\g_cctab_allocate_int=\count192
\g_cctab_stack_int=\count193
))
Package: xparse 2012/04/23 v3570 L3 Experimental document command parser
\l_xparse_current_arg_int=\count194
\l_xparse_m_args_int=\count195
\l_xparse_mandatory_args_int=\count196
\l_xparse_processor_int=\count197
\l_xparse_v_nesting_int=\count198
)
(/usr/local/texlive/2012/texmf-dist/tex/latex/enumitem/enumitem.sty
Package: enumitem 2011/09/28 v3.5.2 Customized lists
\labelindent=\skip79
\enit@outerparindent=\dimen156
\enit@toks=\toks26
\enit@inbox=\box43
\enitdp@description=\count199
)
(/usr/local/texlive/2012/texmf-dist/tex/latex/amsfonts/amssymb.sty
Package: amssymb 2009/06/22 v3.00

(/usr/local/texlive/2012/texmf-dist/tex/latex/amsfonts/amsfonts.sty
Package: amsfonts 2009/06/22 v3.00 Basic AMSFonts support
\symAMSa=\mathgroup4
\symAMSb=\mathgroup5
LaTeX Font Info:    Overwriting math alphabet `\mathfrak' in version `bold'
(Font)                  U/euf/m/n --> U/euf/b/n on input line 96.
))
.................................................
. LaTeX info: "xparse/define-environment"
. 
. Defining document environment 'structured_derivation' with arg. spec. '' on
. line 25.
.................................................
.................................................
. LaTeX info: "xparse/define-environment"
. 
. Defining document environment 'nested_derivation' with arg. spec. '' on line
. 31.
.................................................
.................................................
. LaTeX info: "xparse/define-command"
. 
. Defining document command \task with arg. spec. 'm' on line 37.
.................................................
.................................................
. LaTeX info: "xparse/define-command"
. 
. Defining document command \assumption with arg. spec. 's o m' on line 50.
.................................................
.................................................
. LaTeX info: "xparse/define-command"
. 
. Defining document command \observation with arg. spec. 's o m m' on line 65.
.................................................
.................................................
. LaTeX info: "xparse/define-command"
. 
. Defining document command \introbserv with arg. spec. 's o m' on line 80.
.................................................
.................................................
. LaTeX info: "xparse/define-command"
. 
. Defining document command \justification with arg. spec. 's o +m' on line
. 96.
.................................................
.................................................
. LaTeX info: "xparse/define-command"
. 
. Defining document command \dijk with arg. spec. 'm' on line 104.
.................................................
.................................................
. LaTeX info: "xparse/define-command"
. 
. Defining document command \isProvedBy with arg. spec. 's m' on line 112.
.................................................
.................................................
. LaTeX info: "xparse/define-command"
. 
. Defining document command \andbutso with arg. spec. 'm' on line 118.
.................................................
)
(/usr/local/texlive/2012/texmf-dist/tex/latex/jknapltx/mathrsfs.sty
Package: mathrsfs 1996/01/01 Math RSFS package v1.0 (jk)
\symrsfs=\mathgroup6
)

! LaTeX Error: Command \choose already defined.
               Or name \end... illegal, see p.192 of the manual.

See the LaTeX manual or LaTeX Companion for explanation.
Type  H <return>  for immediate help.
 ...                                              
                                                  
l.80 \newcommand*{\choose}{\looparrowleft}
                                           % for ``lifting'' a value from a ...

? 
) (/usr/local/texlive/2012/texmf-dist/tex/latex/qtree/qtree.sty
Package: 2008/12/12 v.3.1bQtree: tree-drawing for linguistics
Package: qtree 2008/12/12 v.3.1bQtree: tree-drawing for linguistics
(/usr/local/texlive/2012/texmf-dist/tex/latex/pict2e/pict2e.sty
Package: pict2e 2011/04/05 v0.2y Improved picture commands (HjG,RN,JT)

(/usr/local/texlive/2012/texmf-dist/tex/latex/pict2e/pict2e.cfg
File: pict2e.cfg 2011/04/05 v0.1t pict2e configuration for teTeX/TeXLive
)
Package pict2e Info: Driver file: dvips.def on input line 119.
Package pict2e Info: Driver file for pict2e: p2e-dvips.def on input line 121.

(/usr/local/texlive/2012/texmf-dist/tex/latex/pict2e/p2e-dvips.def
File: p2e-dvips.def 2011/04/05 v0.1t Driver-dependant file (RN,HjG,JT)
)
\pIIe@GRAPH=\toks27
\@arclen=\dimen157
\@arcrad=\dimen158
\@tempdimd=\dimen159
)
\c@treecount=\count200
\c@branchcount=\count201
\parentbox=\box44
\treebox=\box45
\treeboxone=\box46
\treeboxtwo=\box47
\treeboxthree=\box48
\treeboxfour=\box49
\treeboxfive=\box50
\treeboxsix=\box51
\treeboxseven=\box52
\treeboxeight=\box53
\treeboxnine=\box54
\treeboxten=\box55
\treeboxeleven=\box56
\treeboxtwelve=\box57
\treeboxthirteen=\box58
\treeboxfourteen=\box59
\treeboxfifteen=\box60
\treeboxsixteen=\box61
\treeboxseventeen=\box62
\treeboxeighteen=\box63
\treeboxnineteen=\box64
\treeboxtwenty=\box65
\treeoffsetone=\skip80
\treeoffsettwo=\skip81
\treeoffsetthree=\skip82
\treeoffsetfour=\skip83
\treeoffsetfive=\skip84
\treeoffsetsix=\skip85
\treeoffsetseven=\skip86
\treeoffseteight=\skip87
\treeoffsetnine=\skip88
\treeoffsetten=\skip89
\treeoffseteleven=\skip90
\treeoffsettwelve=\skip91
\treeoffsetthirteen=\skip92
\treeoffsetfourteen=\skip93
\treeoffsetfifteen=\skip94
\treeoffsetsixteen=\skip95
\treeoffsetseventeen=\skip96
\treeoffseteighteen=\skip97
\treeoffsetnineteen=\skip98
\treeoffsettwenty=\skip99
\treeshiftone=\skip100
\treeshifttwo=\skip101
\treeshiftthree=\skip102
\treeshiftfour=\skip103
\treeshiftfive=\skip104
\treeshiftsix=\skip105
\treeshiftseven=\skip106
\treeshifteight=\skip107
\treeshiftnine=\skip108
\treeshiftten=\skip109
\treeshifteleven=\skip110
\treeshifttwelve=\skip111
\treeshiftthirteen=\skip112
\treeshiftfourteen=\skip113
\treeshiftfifteen=\skip114
\treeshiftsixteen=\skip115
\treeshiftseventeen=\skip116
\treeshifteighteen=\skip117
\treeshiftnineteen=\skip118
\treeshifttwenty=\skip119
\treewidthone=\skip120
\treewidthtwo=\skip121
\treewidththree=\skip122
\treewidthfour=\skip123
\treewidthfive=\skip124
\treewidthsix=\skip125
\treewidthseven=\skip126
\treewidtheight=\skip127
\treewidthnine=\skip128
\treewidthten=\skip129
\treewidtheleven=\skip130
\treewidthtwelve=\skip131
\treewidththirteen=\skip132
\treewidthfourteen=\skip133
\treewidthfifteen=\skip134
\treewidthsixteen=\skip135
\treewidthseventeen=\skip136
\treewidtheighteen=\skip137
\treewidthnineteen=\skip138
\treewidthtwenty=\skip139
\daughteroffsetone=\skip140
\daughteroffsettwo=\skip141
\daughteroffsetthree=\skip142
\daughteroffsetfour=\skip143
\branchwidthone=\skip144
\branchwidthtwo=\skip145
\branchwidththree=\skip146
\branchwidthfour=\skip147
\parentoffset=\skip148
\treeoffset=\skip149
\daughteroffset=\skip150
\branchwidth=\skip151
\parentwidth=\skip152
\treewidth=\skip153
\qta=\toks28
\qtb=\toks29
Normal \count register pool exhausted, switching to extended pool.
\nbranches=\count277
\qroofx=\count278
\qroofy=\count279
\@qrscratchbox=\box66
)
(/usr/local/texlive/2012/texmf-dist/tex/latex/stmaryrd/stmaryrd.sty
Package: stmaryrd 1994/03/03 St Mary's Road symbol package
\symstmry=\mathgroup7
LaTeX Font Info:    Overwriting symbol font `stmry' in version `bold'
(Font)                  U/stmry/m/n --> U/stmry/b/n on input line 89.
)
(/usr/local/texlive/2012/texmf-dist/tex/latex/polytable/polytable.sty
Package: polytable 2005/04/26 v0.8.2 `polytable' package (Andres Loeh)

(/usr/local/texlive/2012/texmf-dist/tex/latex/lazylist/lazylist.sty)
(/usr/local/texlive/2012/texmf-dist/tex/latex/tools/array.sty
Package: array 2008/09/09 v2.4c Tabular extension package (FMi)
\col@sep=\dimen160
\extrarowheight=\dimen161
\NC@list=\toks30
\extratabsurround=\skip154
\backup@length=\skip155
)
\PT@colwidth=\dimen162
\PT@cols=\count280
\PT@table=\count281
\PT@toks=\toks31
\PT@in=\read1
\PT@out=\write3
)
\mathindent=\dimen163
\blanklineskip=\skip156

(./exercises_base.aux

LaTeX Warning: Label `\NoValue ' multiply defined.


LaTeX Warning: Label `\NoValue ' multiply defined.


LaTeX Warning: Label `\NoValue ' multiply defined.


LaTeX Warning: Label `\NoValue ' multiply defined.


LaTeX Warning: Label `\NoValue ' multiply defined.


LaTeX Warning: Label `\NoValue ' multiply defined.


LaTeX Warning: Label `\NoValue ' multiply defined.


LaTeX Warning: Label `\NoValue ' multiply defined.


LaTeX Warning: Label `\NoValue ' multiply defined.


LaTeX Warning: Label `\NoValue ' multiply defined.


LaTeX Warning: Label `\NoValue ' multiply defined.


LaTeX Warning: Label `\NoValue ' multiply defined.


LaTeX Warning: Label `\NoValue ' multiply defined.


LaTeX Warning: Label `\NoValue ' multiply defined.


LaTeX Warning: Label `\NoValue ' multiply defined.


LaTeX Warning: Label `\NoValue ' multiply defined.


LaTeX Warning: Label `\NoValue ' multiply defined.


LaTeX Warning: Label `\NoValue ' multiply defined.


LaTeX Warning: Label `\NoValue ' multiply defined.


LaTeX Warning: Label `\NoValue ' multiply defined.


LaTeX Warning: Label `\NoValue ' multiply defined.


LaTeX Warning: Label `\NoValue ' multiply defined.


LaTeX Warning: Label `\NoValue ' multiply defined.


LaTeX Warning: Label `\NoValue ' multiply defined.


LaTeX Warning: Label `\NoValue ' multiply defined.


LaTeX Warning: Label `\NoValue ' multiply defined.


LaTeX Warning: Label `\NoValue ' multiply defined.


LaTeX Warning: Label `\NoValue ' multiply defined.


LaTeX Warning: Label `\NoValue ' multiply defined.


LaTeX Warning: Label `\NoValue ' multiply defined.


LaTeX Warning: Label `\NoValue ' multiply defined.


LaTeX Warning: Label `\NoValue ' multiply defined.


LaTeX Warning: Label `\NoValue ' multiply defined.


LaTeX Warning: Label `\NoValue ' multiply defined.


LaTeX Warning: Label `\NoValue ' multiply defined.


LaTeX Warning: Label `\NoValue ' multiply defined.


LaTeX Warning: Label `\NoValue ' multiply defined.


LaTeX Warning: Label `\NoValue ' multiply defined.

)
\openout1 = `exercises_base.aux'.

LaTeX Font Info:    Checking defaults for OML/cmm/m/it on input line 270.
LaTeX Font Info:    ... okay on input line 270.
LaTeX Font Info:    Checking defaults for T1/cmr/m/n on input line 270.
LaTeX Font Info:    ... okay on input line 270.
LaTeX Font Info:    Checking defaults for OT1/cmr/m/n on input line 270.
LaTeX Font Info:    ... okay on input line 270.
LaTeX Font Info:    Checking defaults for OMS/cmsy/m/n on input line 270.
LaTeX Font Info:    ... okay on input line 270.
LaTeX Font Info:    Checking defaults for OMX/cmex/m/n on input line 270.
LaTeX Font Info:    ... okay on input line 270.
LaTeX Font Info:    Checking defaults for U/cmr/m/n on input line 270.
LaTeX Font Info:    ... okay on input line 270.
 (/usr/local/texlive/2012/texmf-dist/tex/latex/graphics/graphicx.sty
Package: graphicx 1999/02/16 v1.0f Enhanced LaTeX Graphics (DPC,SPQR)
\Gin@req@height=\dimen164
\Gin@req@width=\dimen165
)
Chapter 1.
\openout3 = `exercises_base.ptb'.

LaTeX Font Info:    Try loading font information for U+msa on input line 285.
(/usr/local/texlive/2012/texmf-dist/tex/latex/amsfonts/umsa.fd
File: umsa.fd 2009/06/22 v3.00 AMS symbols A
)
LaTeX Font Info:    Try loading font information for U+msb on input line 285.

(/usr/local/texlive/2012/texmf-dist/tex/latex/amsfonts/umsb.fd
File: umsb.fd 2009/06/22 v3.00 AMS symbols B
)
LaTeX Font Info:    Try loading font information for U+rsfs on input line 285.

(/usr/local/texlive/2012/texmf-dist/tex/latex/jknapltx/ursfs.fd
File: ursfs.fd 1998/03/24 rsfs font definition file (jk)
)
LaTeX Font Info:    Try loading font information for U+stmry on input line 285.


(/usr/local/texlive/2012/texmf-dist/tex/latex/stmaryrd/Ustmry.fd)
\openout3 = `exercises_base.ptb'.

\openout3 = `exercises_base.ptb'.

\openout3 = `exercises_base.ptb'.

 [1


]
\openout3 = `exercises_base.ptb'.

\openout3 = `exercises_base.ptb'.

\openout3 = `exercises_base.ptb'.


Overfull \hbox (31.43701pt too wide) in paragraph at lines 439--441
[]\OT1/cmr/m/n/10 Write a func-tion [] such that $[]\[] [] []$ should yield $[]
$ 
 []

\openout3 = `exercises_base.ptb'.

\openout3 = `exercises_base.ptb'.

\openout3 = `exercises_base.ptb'.

[2]
\openout3 = `exercises_base.ptb'.

\openout3 = `exercises_base.ptb'.

\openout3 = `exercises_base.ptb'.

\openout3 = `exercises_base.ptb'.

\openout3 = `exercises_base.ptb'.

\openout3 = `exercises_base.ptb'.

\openout3 = `exercises_base.ptb'.

 [3]
Overfull \hbox (26.41624pt too wide) in paragraph at lines 635--637
\OT1/cmr/m/n/10 What hap-pens when you mod-ify the defin-ing equa-tion of [] to
 []?
 []

[4]
Chapter 2.
[5

] [6] [7] [8]
\openout3 = `exercises_base.ptb'.

\openout3 = `exercises_base.ptb'.

\openout3 = `exercises_base.ptb'.

\openout3 = `exercises_base.ptb'.

\openout3 = `exercises_base.ptb'.

\openout3 = `exercises_base.ptb'.

 [9]
\openout3 = `exercises_base.ptb'.

 [10]
Chapter 3.
LaTeX Font Info:    Try loading font information for OMS+cmr on input line 965.

(/usr/local/texlive/2012/texmf-dist/tex/latex/base/omscmr.fd
File: omscmr.fd 1999/05/25 v2.5h Standard LaTeX font definitions
)
LaTeX Font Info:    Font shape `OMS/cmr/m/n' in size <10> not available
(Font)              Font shape `OMS/cmsy/m/n' tried instead on input line 965.

Underfull \hbox (badness 10000) in paragraph at lines 1010--1015

 []

[11

] [12] [13] [14] [15]
LaTeX Font Info:    Font shape `OMS/cmr/m/n' in size <7> not available
(Font)              Font shape `OMS/cmsy/m/n' tried instead on input line 1304.

LaTeX Font Info:    Font shape `OMS/cmr/m/n' in size <6> not available
(Font)              Font shape `OMS/cmsy/m/n' tried instead on input line 1306.

 [16]
Overfull \hbox (4.06375pt too wide) in paragraph at lines 1350--1350
[]\OMS/cmsy/m/n/10 f \OT1/cmr/m/n/10 A con-junc-tion fol-lows from its two con-
juncts taken to-gether. \OMS/cmsy/m/n/10 g 
 []

[17]
\openout3 = `exercises_base.ptb'.

 [18] [19]
Chapter 4.
\openout3 = `exercises_base.ptb'.

[20

]
\openout3 = `exercises_base.ptb'.

\openout3 = `exercises_base.ptb'.


Overfull \hbox (100.26413pt too wide) in paragraph at lines 1557--1568
[]\OT1/cmr/m/n/10 The func-tion $[]$ has type $[] \OT1/cmr/m/it/10 a \OMS/cmsy/
m/n/10 ) \OT1/cmr/m/it/10 a \OMS/cmsy/m/n/10 ! \OT1/cmr/m/n/10 [ \OT1/cmr/m/it/
10 a \OT1/cmr/m/n/10 ] \OMS/cmsy/m/n/10 ! []$\OT1/cmr/m/n/10 . How-ever, [].
 []

[21]

! LaTeX Error: There's no line here to end.

See the LaTeX manual or LaTeX Companion for explanation.
Type  H <return>  for immediate help.
 ...                                              
                                                  
l.1618   \\$
            \subseteq$ :: $s \rightarrow s \rightarrow t$\\
? 
[22] [23] [24] [25]
\openout3 = `exercises_base.ptb'.

\openout3 = `exercises_base.ptb'.


Overfull \hbox (8.75873pt too wide) in paragraph at lines 1887--1910
 [][][] 
 []

\openout3 = `exercises_base.ptb'.


Overfull \hbox (58.38628pt too wide) in paragraph at lines 1922--1924
\OT1/cmr/m/n/10 the call [] should give []. 
 []

\openout3 = `exercises_base.ptb'.

\openout3 = `exercises_base.ptb'.

[26]
\openout3 = `exercises_base.ptb'.

\openout3 = `exercises_base.ptb'.

\openout3 = `exercises_base.ptb'.

\openout3 = `exercises_base.ptb'.

 [27] [28] [29]
Chapter 5.
[30

] [31] [32] [33] [34] (./exercises_base.aux)

LaTeX Warning: There were multiply-defined labels.

 ) 
Here is how much of TeX's memory you used:
 8998 strings out of 493489
 146478 string characters out of 3141349
 197874 words of memory out of 3000000
 12142 multiletter control sequences out of 15000+200000
 16718 words of font info for 66 fonts, out of 3000000 for 9000
 957 hyphenation exceptions out of 8191
 45i,14n,47p,532b,610s stack positions out of 5000i,500n,10000p,200000b,50000s

Output written on exercises_base.dvi (34 pages, 99024 bytes).
