This is pdfTeX, Version 3.1415926-2.3-1.40.12 (TeX Live 2011) (format=latex 2012.4.23)  7 AUG 2012 23:12
entering extended mode
 restricted \write18 enabled.
 %&-line parsing enabled.
**&latex prv_chap4.4_exercises.lhs.ini \nonstopmode\nofiles\PassOptionsToPackag
e{active,tightpage,auctex}{preview}\AtBeginDocument{\ifx\ifPreview\undefined\Re
quirePackage[displaymath,floats,graphics,textmath,sections,footnotes]{preview}[
2004/11/05]\fi} \input chap4.4_exercises.lhs.tex
(./prv_chap4.4_exercises.lhs.ini
LaTeX2e <2011/06/27>
Babel <v3.8m> and hyphenation patterns for english, dumylang, nohyphenation, ge
rman-x-2011-07-01, ngerman-x-2011-07-01, afrikaans, ancientgreek, ibycus, arabi
c, armenian, basque, bulgarian, catalan, pinyin, coptic, croatian, czech, danis
h, dutch, ukenglish, usenglishmax, esperanto, estonian, ethiopic, farsi, finnis
h, french, friulan, galician, german, ngerman, swissgerman, monogreek, greek, h
ungarian, icelandic, assamese, bengali, gujarati, hindi, kannada, malayalam, ma
rathi, oriya, panjabi, tamil, telugu, indonesian, interlingua, irish, italian, 
kurmanji, lao, latin, latvian, lithuanian, mongolian, mongolianlmc, bokmal, nyn
orsk, polish, portuguese, romanian, romansh, russian, sanskrit, serbian, serbia
nc, slovak, slovenian, spanish, swedish, turkish, turkmen, ukrainian, uppersorb
ian, welsh, loaded.
(/usr/local/texlive/2011/texmf-dist/tex/latex/carlisle/mylatex.ltx)
(/usr/local/texlive/2011/texmf-dist/tex/latex/tools/.tex File ignored))
No auxiliary output files.

! I can't find file `chap4.4_exercises.lhs.tex'.
<*> ...11/05]\fi} \input chap4.4_exercises.lhs.tex
                                                  
(Press Enter to retry, or Control-D to exit)
Please type another input file name
! Emergency stop.
<*> ...11/05]\fi} \input chap4.4_exercises.lhs.tex
                                                  
*** (job aborted, file error in nonstop mode)

 
Here is how much of TeX's memory you used:
 26 strings out of 493611
 719 string characters out of 3142427
 49291 words of memory out of 3000000
 3427 multiletter control sequences out of 15000+200000
 3640 words of font info for 14 fonts, out of 3000000 for 9000
 831 hyphenation exceptions out of 8191
 5i,0n,5p,518b,12s stack positions out of 5000i,500n,10000p,200000b,50000s
No pages of output.
