This is pdfTeX, Version 3.1415926-2.3-1.40.12 (TeX Live 2011) (format=pdflatex 2012.4.23)  16 JUN 2012 19:51
entering extended mode
 restricted \write18 enabled.
 %&-line parsing enabled.
**exercises_base.tex
(./exercises_base.tex
LaTeX2e <2011/06/27>
Babel <v3.8m> and hyphenation patterns for english, dumylang, nohyphenation, ge
rman-x-2011-07-01, ngerman-x-2011-07-01, afrikaans, ancientgreek, ibycus, arabi
c, armenian, basque, bulgarian, catalan, pinyin, coptic, croatian, czech, danis
h, dutch, ukenglish, usenglishmax, esperanto, estonian, ethiopic, farsi, finnis
h, french, friulan, galician, german, ngerman, swissgerman, monogreek, greek, h
ungarian, icelandic, assamese, bengali, gujarati, hindi, kannada, malayalam, ma
rathi, oriya, panjabi, tamil, telugu, indonesian, interlingua, irish, italian, 
kurmanji, lao, latin, latvian, lithuanian, mongolian, mongolianlmc, bokmal, nyn
orsk, polish, portuguese, romanian, romansh, russian, sanskrit, serbian, serbia
nc, slovak, slovenian, spanish, swedish, turkish, turkmen, ukrainian, uppersorb
ian, welsh, loaded.
(/usr/local/texlive/2011/texmf-dist/tex/latex/base/article.cls
Document Class: article 2007/10/19 v1.4h Standard LaTeX document class
(/usr/local/texlive/2011/texmf-dist/tex/latex/base/size10.clo
File: size10.clo 2007/10/19 v1.4h Standard LaTeX file (size option)
)
\c@part=\count79
\c@section=\count80
\c@subsection=\count81
\c@subsubsection=\count82
\c@paragraph=\count83
\c@subparagraph=\count84
\c@figure=\count85
\c@table=\count86
\abovecaptionskip=\skip41
\belowcaptionskip=\skip42
\bibindent=\dimen102
)
(/Users/jtilles/Library/texmf/tex/latex/haskell_exercises/haskell_exercises.sty
Package: haskell_exercises 
(/usr/local/texlive/2011/texmf-dist/tex/latex/amsmath/amsmath.sty
Package: amsmath 2000/07/18 v2.13 AMS math features
\@mathmargin=\skip43

For additional information on amsmath, use the `?' option.
(/usr/local/texlive/2011/texmf-dist/tex/latex/amsmath/amstext.sty
Package: amstext 2000/06/29 v2.01

(/usr/local/texlive/2011/texmf-dist/tex/latex/amsmath/amsgen.sty
File: amsgen.sty 1999/11/30 v2.0
\@emptytoks=\toks14
\ex@=\dimen103
))
(/usr/local/texlive/2011/texmf-dist/tex/latex/amsmath/amsbsy.sty
Package: amsbsy 1999/11/29 v1.2d
\pmbraise@=\dimen104
)
(/usr/local/texlive/2011/texmf-dist/tex/latex/amsmath/amsopn.sty
Package: amsopn 1999/12/14 v2.01 operator names
)
\inf@bad=\count87
LaTeX Info: Redefining \frac on input line 211.
\uproot@=\count88
\leftroot@=\count89
LaTeX Info: Redefining \overline on input line 307.
\classnum@=\count90
\DOTSCASE@=\count91
LaTeX Info: Redefining \ldots on input line 379.
LaTeX Info: Redefining \dots on input line 382.
LaTeX Info: Redefining \cdots on input line 467.
\Mathstrutbox@=\box26
\strutbox@=\box27
\big@size=\dimen105
LaTeX Font Info:    Redeclaring font encoding OML on input line 567.
LaTeX Font Info:    Redeclaring font encoding OMS on input line 568.
\macc@depth=\count92
\c@MaxMatrixCols=\count93
\dotsspace@=\muskip10
\c@parentequation=\count94
\dspbrk@lvl=\count95
\tag@help=\toks15
\row@=\count96
\column@=\count97
\maxfields@=\count98
\andhelp@=\toks16
\eqnshift@=\dimen106
\alignsep@=\dimen107
\tagshift@=\dimen108
\tagwidth@=\dimen109
\totwidth@=\dimen110
\lineht@=\dimen111
\@envbody=\toks17
\multlinegap=\skip44
\multlinetaggap=\skip45
\mathdisplay@stack=\toks18
LaTeX Info: Redefining \[ on input line 2666.
LaTeX Info: Redefining \] on input line 2667.
)
(/usr/local/texlive/2011/texmf-dist/tex/latex/amscls/amsthm.sty
Package: amsthm 2009/07/02 v2.20.1
\thm@style=\toks19
\thm@bodyfont=\toks20
\thm@headfont=\toks21
\thm@notefont=\toks22
\thm@headpunct=\toks23
\thm@preskip=\skip46
\thm@postskip=\skip47
\thm@headsep=\skip48
\dth@everypar=\toks24
)
\c@stmt=\count99

(/usr/local/texlive/2011/texmf-dist/tex/latex/exercise/exercise.sty
Package: exercise 2011/07/19 v1.57 Exercise package (P.Pichaureau)

(/usr/local/texlive/2011/texmf-dist/tex/latex/graphics/keyval.sty
Package: keyval 1999/03/16 v1.13 key=value parser (DPC)
\KV@toks@=\toks25
)
(/usr/local/texlive/2011/texmf-dist/tex/latex/base/ifthen.sty
Package: ifthen 2001/05/26 v1.1c Standard LaTeX ifthen package (DPC)
)
\ExerciseSkipBefore=\skip49
\ExerciseSkipAfter=\skip50
\Exesep=\skip51
\Exetopsep=\skip52
\Exeparsep=\skip53
\Exepartopsep=\skip54
\Exeleftmargin=\skip55
\Exerightmargin=\skip56
\Exelabelwidth=\skip57
\Exelabelsep=\skip58
\ExerciseBefore=\skip59
\QuestionBefore=\skip60
\subQuestionBefore=\skip61
\subsubQuestionBefore=\skip62
\QuestionIndent=\skip63
\subQuestionIndent=\skip64
\subsubQuestionIndent=\skip65
\c@Exercise=\count100
\c@Answer=\count101
\c@ExePart=\count102
\c@Question=\count103
\c@subQuestion=\count104
\c@subsubQuestion=\count105
\c@savedQuestion=\count106
\c@savedsubQuestion=\count107
\c@savedsubsubQuestion=\count108
\@QuestionLevel=\count109
\@Exercisebox=\box28
\all@Exercisebox=\box29
\temp@Exercisebox=\box30
\all@Answerbox=\box31
\temp@Answerbox=\box32
\ExerciseDifficulty=\count110
\QuestionDifficulty=\count111
\subQuestionDifficulty=\count112
\subsubQuestionDifficulty=\count113
\ExePartDifficulty=\count114
\@Answerbox=\box33
\colonnesLevel=\count115
\tempskipa=\skip66
\tempskipb=\skip67
\@savedmathindent=\skip68
)
(/Users/jtilles/Library/texmf/tex/latex/structured_derivations/structured_deriv
ations.sty
Package: structured_derivations 

(/usr/local/texlive/2011/texmf-dist/tex/latex/changepage/changepage.sty
Package: changepage 2009/10/20 v1.0c check page and change page layout
\c@cp@cntr=\count116
\cp@tempcnt=\count117
)
(/usr/local/texlive/2011/texmf-dist/tex/latex/l3packages/xparse/xparse.sty
(/usr/local/texlive/2011/texmf-dist/tex/latex/l3kernel/expl3.sty
(/usr/local/texlive/2011/texmf-dist/tex/latex/l3kernel/l3names.sty
(/usr/local/texlive/2011/texmf-dist/tex/latex/l3kernel/l3bootstrap.sty
Package: l3bootstrap 2011/12/29 v3110 L3 Experimental bootstrap code
)
Package: l3names 2011/12/30 v3113 L3 Experimental namespace for primitives
)
(/usr/local/texlive/2011/texmf-dist/tex/latex/etex-pkg/etex.sty
Package: etex 1998/03/26 v2.0 eTeX basic definition package (PEB)
\et@xins=\count118
)
Package: expl3 2012/02/26 v3471 L3 Experimental code bundle wrapper

(/usr/local/texlive/2011/texmf-dist/tex/latex/graphics/color.sty
Package: color 2005/11/14 v1.0j Standard LaTeX Color (DPC)

(/usr/local/texlive/2011/texmf-dist/tex/latex/latexconfig/color.cfg
File: color.cfg 2007/01/18 v1.5 color configuration of teTeX/TeXLive
)
Package color Info: Driver file: pdftex.def on input line 130.

(/usr/local/texlive/2011/texmf-dist/tex/latex/pdftex-def/pdftex.def
File: pdftex.def 2011/05/27 v0.06d Graphics/color for pdfTeX

(/usr/local/texlive/2011/texmf-dist/tex/generic/oberdiek/infwarerr.sty
Package: infwarerr 2010/04/08 v1.3 Providing info/warning/message (HO)
)
(/usr/local/texlive/2011/texmf-dist/tex/generic/oberdiek/ltxcmds.sty
Package: ltxcmds 2011/04/18 v1.20 LaTeX kernel commands for general use (HO)
)
\Gread@gobject=\count119
))
(/usr/local/texlive/2011/texmf-dist/tex/latex/graphics/graphics.sty
Package: graphics 2009/02/05 v1.0o Standard LaTeX Graphics (DPC,SPQR)

(/usr/local/texlive/2011/texmf-dist/tex/latex/graphics/trig.sty
Package: trig 1999/03/16 v1.09 sin cos tan (DPC)
)
(/usr/local/texlive/2011/texmf-dist/tex/latex/latexconfig/graphics.cfg
File: graphics.cfg 2010/04/23 v1.9 graphics configuration of TeX Live
)
Package graphics Info: Driver file: pdftex.def on input line 91.
)
(/usr/local/texlive/2011/texmf-dist/tex/latex/l3kernel/l3basics.sty
Package: l3basics 2012/02/26 v3460 L3 Experimental basic definitions
)
(/usr/local/texlive/2011/texmf-dist/tex/latex/l3kernel/l3expan.sty
Package: l3expan 2012/02/26 v3460 L3 Experimental argument expansion
)
(/usr/local/texlive/2011/texmf-dist/tex/latex/l3kernel/l3tl.sty
Package: l3tl 2012/02/26 v3460 L3 Experimental token lists
)
(/usr/local/texlive/2011/texmf-dist/tex/latex/l3kernel/l3seq.sty
Package: l3seq 2012/01/09 v3158 L3 Experimental sequences and stacks
)
(/usr/local/texlive/2011/texmf-dist/tex/latex/l3kernel/l3int.sty
Package: l3int 2012/02/26 v3460 L3 Experimental integers
\c_max_int=\count120
\l_tmpa_int=\count121
\l_tmpb_int=\count122
\l_tmpc_int=\count123
\g_tmpa_int=\count124
\g_tmpb_int=\count125
)
(/usr/local/texlive/2011/texmf-dist/tex/latex/l3kernel/l3quark.sty
Package: l3quark 2012/02/12 v3384 L3 Experimental quarks
)
(/usr/local/texlive/2011/texmf-dist/tex/latex/l3kernel/l3prg.sty
Package: l3prg 2012/02/26 v3464 L3 Experimental control structures
\g_prg_map_int=\count126
)
(/usr/local/texlive/2011/texmf-dist/tex/latex/l3kernel/l3clist.sty
Package: l3clist 2012/02/26 v3460 L3 Experimental comma separated lists
)
(/usr/local/texlive/2011/texmf-dist/tex/latex/l3kernel/l3token.sty
Package: l3token 2012/02/26 v3460 L3 Experimental token manipulation
)
(/usr/local/texlive/2011/texmf-dist/tex/latex/l3kernel/l3prop.sty
Package: l3prop 2012/02/26 v3460 L3 Experimental property lists
)
(/usr/local/texlive/2011/texmf-dist/tex/latex/l3kernel/l3msg.sty
Package: l3msg 2012/02/26 v3470 L3 Experimental messages
)
(/usr/local/texlive/2011/texmf-dist/tex/latex/l3kernel/l3file.sty
Package: l3file 2012/02/26 v3464 L3 Experimental file and I/O operations
\l_iow_stream_int=\count127
\l_iow_line_length_int=\count128
\l_iow_target_length_int=\count129
\l_iow_current_line_int=\count130
\l_iow_current_word_int=\count131
\l_iow_current_indentation_int=\count132
)
(/usr/local/texlive/2011/texmf-dist/tex/latex/l3kernel/l3skip.sty
Package: l3skip 2012/02/26 v3460 L3 Experimental dimensions and skips
\l_tmpa_dim=\dimen112
\l_tmpb_dim=\dimen113
\l_tmpc_dim=\dimen114
\g_tmpa_dim=\dimen115
\g_tmpb_dim=\dimen116
\l_tmpa_skip=\skip69
\l_tmpb_skip=\skip70
\l_tmpc_skip=\skip71
\g_tmpa_skip=\skip72
\g_tmpb_skip=\skip73
)
(/usr/local/texlive/2011/texmf-dist/tex/latex/l3kernel/l3keys.sty
Package: l3keys 2011/12/22 v3086 L3 Experimental key-value interfaces
\g_keyval_level_int=\count133
\l_keys_choice_int=\count134
)
(/usr/local/texlive/2011/texmf-dist/tex/latex/l3kernel/l3fp.sty
Package: l3fp 2012/02/06 v3315 L3 Experimental floating-point operations
\c_one_million=\count135
\c_one_hundred_million=\count136
\c_five_hundred_million=\count137
\c_one_thousand_million=\count138
\c_fp_pi_by_four_decimal_int=\count139
\c_fp_pi_by_four_extended_int=\count140
\c_fp_pi_decimal_int=\count141
\c_fp_pi_extended_int=\count142
\c_fp_two_pi_decimal_int=\count143
\c_fp_two_pi_extended_int=\count144
\l_fp_count_int=\count145
\l_fp_div_offset_int=\count146
\l_fp_exp_integer_int=\count147
\l_fp_exp_decimal_int=\count148
\l_fp_exp_extended_int=\count149
\l_fp_exp_exponent_int=\count150
\l_fp_input_a_sign_int=\count151
\l_fp_input_a_integer_int=\count152
\l_fp_input_a_decimal_int=\count153
\l_fp_input_a_exponent_int=\count154
\l_fp_input_b_sign_int=\count155
\l_fp_input_b_integer_int=\count156
\l_fp_input_b_decimal_int=\count157
\l_fp_input_b_exponent_int=\count158
\l_fp_input_a_extended_int=\count159
\l_fp_input_b_extended_int=\count160
\l_fp_mul_a_i_int=\count161
\l_fp_mul_a_ii_int=\count162
\l_fp_mul_a_iii_int=\count163
\l_fp_mul_a_iv_int=\count164
\l_fp_mul_a_v_int=\count165
\l_fp_mul_a_vi_int=\count166
\l_fp_mul_b_i_int=\count167
\l_fp_mul_b_ii_int=\count168
\l_fp_mul_b_iii_int=\count169
\l_fp_mul_b_iv_int=\count170
\l_fp_mul_b_v_int=\count171
\l_fp_mul_b_vi_int=\count172
\l_fp_mul_output_int=\count173
\l_fp_output_sign_int=\count174
\l_fp_output_integer_int=\count175
\l_fp_output_decimal_int=\count176
\l_fp_output_exponent_int=\count177
\l_fp_output_extended_int=\count178
\l_fp_round_position_int=\count179
\l_fp_round_target_int=\count180
\l_fp_split_sign_int=\count181
\l_fp_internal_int=\count182
\l_fp_trig_octant_int=\count183
\l_fp_trig_sign_int=\count184
\l_fp_trig_decimal_int=\count185
\l_fp_trig_extended_int=\count186
\l_fp_internal_dim=\dimen117
\l_fp_internal_skip=\skip74
)
(/usr/local/texlive/2011/texmf-dist/tex/latex/l3kernel/l3box.sty
Package: l3box 2012/02/18 v3432 L3 Experimental boxes
\l_tmpb_box=\box34
\l_box_top_dim=\dimen118
\l_box_bottom_dim=\dimen119
\l_box_left_dim=\dimen120
\l_box_right_dim=\dimen121
\l_box_top_new_dim=\dimen122
\l_box_bottom_new_dim=\dimen123
\l_box_left_new_dim=\dimen124
\l_box_right_new_dim=\dimen125
\l_box_internal_box=\box35
)
(/usr/local/texlive/2011/texmf-dist/tex/latex/l3kernel/l3coffins.sty
Package: l3coffins 2012/02/26 v3460 L3 Experimental coffin code layer
\l_coffin_internal_box=\box36
\l_coffin_internal_dim=\dimen126
\l_coffin_offset_x_dim=\dimen127
\l_coffin_offset_y_dim=\dimen128
\l_coffin_x_dim=\dimen129
\l_coffin_y_dim=\dimen130
\l_coffin_x_prime_dim=\dimen131
\l_coffin_y_prime_dim=\dimen132
\l_coffin_Depth_dim=\dimen133
\l_coffin_Height_dim=\dimen134
\l_coffin_TotalHeight_dim=\dimen135
\l_coffin_Width_dim=\dimen136
\c_empty_coffin=\box37
\l_coffin_aligned_coffin=\box38
\l_coffin_aligned_internal_coffin=\box39
\l_coffin_bounding_shift_dim=\dimen137
\l_coffin_left_corner_dim=\dimen138
\l_coffin_right_corner_dim=\dimen139
\l_coffin_bottom_corner_dim=\dimen140
\l_coffin_top_corner_dim=\dimen141
\l_coffin_scaled_total_height_dim=\dimen142
\l_coffin_scaled_width_dim=\dimen143
\l_coffin_display_coffin=\box40
\l_coffin_display_coord_coffin=\box41
\l_coffin_display_pole_coffin=\box42
\l_coffin_display_offset_dim=\dimen144
\l_coffin_display_x_dim=\dimen145
\l_coffin_display_y_dim=\dimen146
)
(/usr/local/texlive/2011/texmf-dist/tex/latex/l3kernel/l3color.sty
Package: l3color 2011/09/07 v2776 L3 Experimental colour support
)
(/usr/local/texlive/2011/texmf-dist/tex/latex/l3kernel/l3luatex.sty
Package: l3luatex 2012/02/09 v3355 L3 Experimental LuaTeX-specific functions
\g_cctab_allocate_int=\count187
\g_cctab_stack_int=\count188
))
Package: xparse 2012/02/26 v3471 L3 Experimental document command parser
\l_xparse_current_arg_int=\count189
\l_xparse_m_args_int=\count190
\l_xparse_mandatory_args_int=\count191
\l_xparse_processor_int=\count192
\l_xparse_v_nesting_int=\count193
)
(/usr/local/texlive/2011/texmf-dist/tex/latex/enumitem/enumitem.sty
Package: enumitem 2011/09/28 v3.5.2 Customized lists
\labelindent=\skip75
\enit@outerparindent=\dimen147
\enit@toks=\toks26
\enit@inbox=\box43
\enitdp@description=\count194
)
.................................................
. LaTeX info: "xparse/define-environment"
. 
. Defining document environment 'structured_derivation' with arg. spec. '' on
. line 17.
.................................................
.................................................
. LaTeX info: "xparse/define-command"
. 
. Defining document command \task with arg. spec. 'm' on line 23.
.................................................
.................................................
. LaTeX info: "xparse/define-command"
. 
. Defining document command \assumption with arg. spec. 's m' on line 36.
.................................................
.................................................
. LaTeX info: "xparse/define-command"
. 
. Defining document command \observation with arg. spec. 's m m' on line 51.
.................................................
.................................................
. LaTeX info: "xparse/define-command"
. 
. Defining document command \justification with arg. spec. 's o +m' on line
. 67.
.................................................
.................................................
. LaTeX info: "xparse/define-command"
. 
. Defining document command \dijk with arg. spec. 'm' on line 75.
.................................................
.................................................
. LaTeX info: "xparse/define-command"
. 
. Defining document command \isProvedBy with arg. spec. 's m' on line 83.
.................................................
.................................................
. LaTeX info: "xparse/define-command"
. 
. Defining document command \isEqualTo with arg. spec. 'm m' on line 88.
.................................................
.................................................
. LaTeX info: "xparse/define-command"
. 
. Defining document command \isGreaterOrEq with arg. spec. 'm m' on line 94.
.................................................
.................................................
. LaTeX info: "xparse/define-command"
. 
. Defining document command \expr with arg. spec. 'm' on line 100.
.................................................
.................................................
. LaTeX info: "xparse/define-command"
. 
. Defining document command \chain with arg. spec. 'm m' on line 106.
.................................................
)
(/usr/local/texlive/2011/texmf-dist/tex/latex/qtree/qtree.sty
Package: 2008/12/12 v.3.1bQtree: tree-drawing for linguistics
Package: qtree 2008/12/12 v.3.1bQtree: tree-drawing for linguistics
(/usr/local/texlive/2011/texmf-dist/tex/latex/pict2e/pict2e.sty
Package: pict2e 2011/04/05 v0.2y Improved picture commands (HjG,RN,JT)

(/usr/local/texlive/2011/texmf-dist/tex/latex/pict2e/pict2e.cfg
File: pict2e.cfg 2011/04/05 v0.1t pict2e configuration for teTeX/TeXLive
)
Package pict2e Info: Driver file: pdftex.def on input line 119.
Package pict2e Info: Driver file for pict2e: p2e-pdftex.def on input line 121.

(/usr/local/texlive/2011/texmf-dist/tex/latex/pict2e/p2e-pdftex.def
File: p2e-pdftex.def 2011/04/05 v0.1t Driver-dependant file (RN,HjG,JT)
)
\pIIe@GRAPH=\toks27
\@arclen=\dimen148
\@arcrad=\dimen149
\@tempdimd=\dimen150
)
\c@treecount=\count195
\c@branchcount=\count196
\parentbox=\box44
\treebox=\box45
\treeboxone=\box46
\treeboxtwo=\box47
\treeboxthree=\box48
\treeboxfour=\box49
\treeboxfive=\box50
\treeboxsix=\box51
\treeboxseven=\box52
\treeboxeight=\box53
\treeboxnine=\box54
\treeboxten=\box55
\treeboxeleven=\box56
\treeboxtwelve=\box57
\treeboxthirteen=\box58
\treeboxfourteen=\box59
\treeboxfifteen=\box60
\treeboxsixteen=\box61
\treeboxseventeen=\box62
\treeboxeighteen=\box63
\treeboxnineteen=\box64
\treeboxtwenty=\box65
\treeoffsetone=\skip76
\treeoffsettwo=\skip77
\treeoffsetthree=\skip78
\treeoffsetfour=\skip79
\treeoffsetfive=\skip80
\treeoffsetsix=\skip81
\treeoffsetseven=\skip82
\treeoffseteight=\skip83
\treeoffsetnine=\skip84
\treeoffsetten=\skip85
\treeoffseteleven=\skip86
\treeoffsettwelve=\skip87
\treeoffsetthirteen=\skip88
\treeoffsetfourteen=\skip89
\treeoffsetfifteen=\skip90
\treeoffsetsixteen=\skip91
\treeoffsetseventeen=\skip92
\treeoffseteighteen=\skip93
\treeoffsetnineteen=\skip94
\treeoffsettwenty=\skip95
\treeshiftone=\skip96
\treeshifttwo=\skip97
\treeshiftthree=\skip98
\treeshiftfour=\skip99
\treeshiftfive=\skip100
\treeshiftsix=\skip101
\treeshiftseven=\skip102
\treeshifteight=\skip103
\treeshiftnine=\skip104
\treeshiftten=\skip105
\treeshifteleven=\skip106
\treeshifttwelve=\skip107
\treeshiftthirteen=\skip108
\treeshiftfourteen=\skip109
\treeshiftfifteen=\skip110
\treeshiftsixteen=\skip111
\treeshiftseventeen=\skip112
\treeshifteighteen=\skip113
\treeshiftnineteen=\skip114
\treeshifttwenty=\skip115
\treewidthone=\skip116
\treewidthtwo=\skip117
\treewidththree=\skip118
\treewidthfour=\skip119
\treewidthfive=\skip120
\treewidthsix=\skip121
\treewidthseven=\skip122
\treewidtheight=\skip123
\treewidthnine=\skip124
\treewidthten=\skip125
\treewidtheleven=\skip126
\treewidthtwelve=\skip127
\treewidththirteen=\skip128
\treewidthfourteen=\skip129
\treewidthfifteen=\skip130
\treewidthsixteen=\skip131
\treewidthseventeen=\skip132
\treewidtheighteen=\skip133
\treewidthnineteen=\skip134
\treewidthtwenty=\skip135
\daughteroffsetone=\skip136
\daughteroffsettwo=\skip137
\daughteroffsetthree=\skip138
\daughteroffsetfour=\skip139
\branchwidthone=\skip140
\branchwidthtwo=\skip141
\branchwidththree=\skip142
\branchwidthfour=\skip143
\parentoffset=\skip144
\treeoffset=\skip145
\daughteroffset=\skip146
\branchwidth=\skip147
\parentwidth=\skip148
\treewidth=\skip149
\qta=\toks28
\qtb=\toks29
\nbranches=\count197
\qroofx=\count198
\qroofy=\count199
\@qrscratchbox=\box66
)
(/usr/local/texlive/2011/texmf-dist/tex/latex/amsfonts/amsfonts.sty
Package: amsfonts 2009/06/22 v3.00 Basic AMSFonts support
\symAMSa=\mathgroup4
\symAMSb=\mathgroup5
LaTeX Font Info:    Overwriting math alphabet `\mathfrak' in version `bold'
(Font)                  U/euf/m/n --> U/euf/b/n on input line 96.
))
(/usr/local/texlive/2011/texmf-dist/tex/latex/amsfonts/amssymb.sty
Package: amssymb 2009/06/22 v3.00
)
(tex_output//exercises_base.aux)
\openout1 = `exercises_base.aux'.

LaTeX Font Info:    Checking defaults for OML/cmm/m/it on input line 5.
LaTeX Font Info:    ... okay on input line 5.
LaTeX Font Info:    Checking defaults for T1/cmr/m/n on input line 5.
LaTeX Font Info:    ... okay on input line 5.
LaTeX Font Info:    Checking defaults for OT1/cmr/m/n on input line 5.
LaTeX Font Info:    ... okay on input line 5.
LaTeX Font Info:    Checking defaults for OMS/cmsy/m/n on input line 5.
LaTeX Font Info:    ... okay on input line 5.
LaTeX Font Info:    Checking defaults for OMX/cmex/m/n on input line 5.
LaTeX Font Info:    ... okay on input line 5.
LaTeX Font Info:    Checking defaults for U/cmr/m/n on input line 5.
LaTeX Font Info:    ... okay on input line 5.

(/usr/local/texlive/2011/texmf-dist/tex/context/base/supp-pdf.mkii
[Loading MPS to PDF converter (version 2006.09.02).]
\scratchcounter=\count200
\scratchdimen=\dimen151
\scratchbox=\box67
\nofMPsegments=\count201
Normal \count register pool exhausted, switching to extended pool.
\nofMParguments=\count277
\everyMPshowfont=\toks30
\MPscratchCnt=\count278
\MPscratchDim=\dimen152
\MPnumerator=\count279
\makeMPintoPDFobject=\count280
\everyMPtoPDFconversion=\toks31
) (/usr/local/texlive/2011/texmf-dist/tex/generic/oberdiek/pdftexcmds.sty
Package: pdftexcmds 2011/04/22 v0.16 Utilities of pdfTeX for LuaTeX (HO)

(/usr/local/texlive/2011/texmf-dist/tex/generic/oberdiek/ifluatex.sty
Package: ifluatex 2010/03/01 v1.3 Provides the ifluatex switch (HO)
Package ifluatex Info: LuaTeX not detected.
)
(/usr/local/texlive/2011/texmf-dist/tex/generic/oberdiek/ifpdf.sty
Package: ifpdf 2011/01/30 v2.3 Provides the ifpdf switch (HO)
Package ifpdf Info: pdfTeX in PDF mode is detected.
)
Package pdftexcmds Info: LuaTeX not detected.
Package pdftexcmds Info: \pdf@primitive is available.
Package pdftexcmds Info: \pdf@ifprimitive is available.
Package pdftexcmds Info: \pdfdraftmode found.
)
(/usr/local/texlive/2011/texmf-dist/tex/latex/oberdiek/epstopdf-base.sty
Package: epstopdf-base 2010/02/09 v2.5 Base part for package epstopdf

(/usr/local/texlive/2011/texmf-dist/tex/latex/oberdiek/grfext.sty
Package: grfext 2010/08/19 v1.1 Managing graphics extensions (HO)

(/usr/local/texlive/2011/texmf-dist/tex/generic/oberdiek/kvdefinekeys.sty
Package: kvdefinekeys 2011/04/07 v1.3 Defining keys (HO)
))
(/usr/local/texlive/2011/texmf-dist/tex/latex/oberdiek/kvoptions.sty
Package: kvoptions 2010/12/23 v3.10 Keyval support for LaTeX options (HO)

(/usr/local/texlive/2011/texmf-dist/tex/generic/oberdiek/kvsetkeys.sty
Package: kvsetkeys 2011/04/07 v1.13 Key value parser (HO)

(/usr/local/texlive/2011/texmf-dist/tex/generic/oberdiek/etexcmds.sty
Package: etexcmds 2011/02/16 v1.5 Prefix for e-TeX command names (HO)
Package etexcmds Info: Could not find \expanded.
(etexcmds)             That can mean that you are not using pdfTeX 1.50 or
(etexcmds)             that some package has redefined \expanded.
(etexcmds)             In the latter case, load this package earlier.
)))
Package grfext Info: Graphics extension search list:
(grfext)             [.png,.pdf,.jpg,.mps,.jpeg,.jbig2,.jb2,.PNG,.PDF,.JPG,.JPE
G,.JBIG2,.JB2,.eps]
(grfext)             \AppendGraphicsExtensions on input line 452.

(/usr/local/texlive/2011/texmf-dist/tex/latex/latexconfig/epstopdf-sys.cfg
File: epstopdf-sys.cfg 2010/07/13 v1.3 Configuration of (r)epstopdf for TeX Liv
e
))
LaTeX Font Info:    Try loading font information for U+msa on input line 12.

(/usr/local/texlive/2011/texmf-dist/tex/latex/amsfonts/umsa.fd
File: umsa.fd 2009/06/22 v3.00 AMS symbols A
)
LaTeX Font Info:    Try loading font information for U+msb on input line 12.

(/usr/local/texlive/2011/texmf-dist/tex/latex/amsfonts/umsb.fd
File: umsb.fd 2009/06/22 v3.00 AMS symbols B
)

Package Exercise Warning: An answer has no reference and no number on input lin
e 21.

LaTeX Font Info:    Try loading font information for OMS+cmr on input line 22.
(/usr/local/texlive/2011/texmf-dist/tex/latex/base/omscmr.fd
File: omscmr.fd 1999/05/25 v2.5h Standard LaTeX font definitions
)
LaTeX Font Info:    Font shape `OMS/cmr/m/n' in size <10> not available
(Font)              Font shape `OMS/cmsy/m/n' tried instead on input line 22.

! Missing number, treated as zero.
<to be read again> 
                   H
l.81 ...in{Exercise} [number=9, difficulty=Harder]
                                                  
? 
[1

{/usr/local/texlive/2011/texmf-var/fonts/map/pdftex/updmap/pdftex.map}]
[2] (tex_output//exercises_base.aux) ) 
Here is how much of TeX's memory you used:
 8269 strings out of 493610
 136252 string characters out of 3142404
 186564 words of memory out of 3000000
 11441 multiletter control sequences out of 15000+200000
 6559 words of font info for 26 fonts, out of 3000000 for 9000
 831 hyphenation exceptions out of 8191
 47i,5n,31p,260b,375s stack positions out of 5000i,500n,10000p,200000b,50000s
</usr/local/texlive/2011/texmf-dist/fonts
/type1/public/amsfonts/cm/cmbx10.pfb></usr/local/texlive/2011/texmf-dist/fonts/
type1/public/amsfonts/cm/cmbx12.pfb></usr/local/texlive/2011/texmf-dist/fonts/t
ype1/public/amsfonts/cm/cmmi10.pfb></usr/local/texlive/2011/texmf-dist/fonts/ty
pe1/public/amsfonts/cm/cmr10.pfb></usr/local/texlive/2011/texmf-dist/fonts/type
1/public/amsfonts/cm/cmr7.pfb></usr/local/texlive/2011/texmf-dist/fonts/type1/p
ublic/amsfonts/cm/cmsy10.pfb></usr/local/texlive/2011/texmf-dist/fonts/type1/pu
blic/amsfonts/symbols/msam10.pfb></usr/local/texlive/2011/texmf-dist/fonts/type
1/public/amsfonts/symbols/msbm10.pfb>
Output written on tex_output//exercises_base.pdf (2 pages, 82901 bytes).
PDF statistics:
 43 PDF objects out of 1000 (max. 8388607)
 30 compressed objects within 1 object stream
 0 named destinations out of 1000 (max. 500000)
 1 words of extra memory for PDF output out of 10000 (max. 10000000)

